[2026-04-10 14:22:32] ==================================================
[2026-04-10 14:22:32] 开始采集 (优化版)
[2026-04-10 14:22:32] 已发布缓存: 0 条
[2026-04-10 14:22:32] 
正在检查: www.cyzone.cn
[2026-04-10 14:22:33]   获取到 30 条
[2026-04-10 14:22:33]   相关: 澜起科技增资至约12.2亿...
[2026-04-10 14:22:33]   抓取内容失败: <urlopen error no host given>
[2026-04-10 14:22:33]   内容太少，跳过
[2026-04-10 14:22:33]   相关: 索赔50万餐饮公司多年0人参保...
[2026-04-10 14:22:33]   抓取内容失败: <urlopen error no host given>
[2026-04-10 14:22:33]   内容太少，跳过
[2026-04-10 14:22:33]   相关: 海河乳品曾申请注册抖包袱商标...
[2026-04-10 14:22:33]   抓取内容失败: <urlopen error no host given>
[2026-04-10 14:22:33]   内容太少，跳过
[2026-04-10 14:22:33]   相关: 山南投融汇x高榕创投「生物制造」机构日在玉皇山南基金小镇圆满举办...
[2026-04-10 14:22:34]   WP错误: The system cannot find the path specified.

[2026-04-10 14:22:35]   相关: GDPS2026上海市人工智能行业协会与毕马威中国战略合作，共创智能化转型破局之...
[2026-04-10 14:22:35]   WP错误: The system cannot find the path specified.

[2026-04-10 14:22:36] 
正在检查: www.woshipm.com
[2026-04-10 14:22:37]   获取到 15 条
[2026-04-10 14:22:37]   相关: 实锤了！HappyHorse就是阿里推出的，据说能平替Seedance...
[2026-04-10 14:22:37]   内容太少，跳过
[2026-04-10 14:22:37]   相关: 微信公众号上线新规则，那个年赚200万的号也被封了...
[2026-04-10 14:22:37]   内容太少，跳过
[2026-04-10 14:22:37]   相关: 从“别人觉得好的”到“我想要的”：教育决策的三段式框架...
[2026-04-10 14:22:37]   内容太少，跳过
[2026-04-10 14:22:37]   相关: 实操教程：产品经理如何用 Figma AI Bridge 快速做出高保真原型...
[2026-04-10 14:22:37]   内容太少，跳过
[2026-04-10 14:22:37]   相关: 我以为做软硬一体SaaS很难，直到被“找验证码”逼着手搓了一套企业中枢...
[2026-04-10 14:22:38]   内容太少，跳过
[2026-04-10 14:22:38]   相关: SBTI突然爆火，全网都在求测：这是啥？SBTI，比MBTI更懂我的摆烂？...
[2026-04-10 14:22:38]   内容太少，跳过
[2026-04-10 14:22:38]   相关: 高客单价产品如何经营好小红书闭环电商？！...
[2026-04-10 14:22:38]   内容太少，跳过
[2026-04-10 14:22:38] 
正在检查: www.aiyingli.com
[2026-04-10 14:22:38]   获取到 10 条
[2026-04-10 14:22:38]   相关: 波波：生财杭州 AI 大会分享 GEO 千亿机会...
[2026-04-10 14:22:39]   WP错误: The system cannot find the path specified.

[2026-04-10 14:22:40]   相关: 从“投毒”到合规：AI时代GEO的治理边界与企业实践，GEO从业者尽快自查...
[2026-04-10 14:22:42]   WP错误: The system cannot find the path specified.

[2026-04-10 14:22:43]   相关: AI电商：入口重构与问购权转移，品牌必看7个核心判断...
[2026-04-10 14:22:44]   WP错误: The system cannot find the path specified.

[2026-04-10 14:22:45]   相关: 3·15后GEO正在洗牌：大量服务商跑路，需尽快走合规长效之路。...
[2026-04-10 14:22:46]   WP错误: The system cannot find the path specified.

[2026-04-10 14:22:47]   相关: AIDSO爱搜为 GEO 服务商提供 OEM 系统...
[2026-04-10 14:22:47]   WP错误: The system cannot find the path specified.

[2026-04-10 14:22:48]   相关: 3·15曝光 AI 大模型 “投毒”：打击“虚假宣传”，不是 GEO 死了，是灰...
[2026-04-10 14:22:49]   WP错误: The system cannot find the path specified.

[2026-04-10 14:22:50]   相关: 抖音获客，引私域避免处罚实操细节！...
[2026-04-10 14:22:50]   WP错误: The system cannot find the path specified.

[2026-04-10 14:22:51]   相关: GEO游学陪跑，5天全部学员上岸^_^ 小班教学来真的，讲透底层现练实操！...
[2026-04-10 14:22:52]   WP错误: The system cannot find the path specified.

[2026-04-10 14:22:53]   相关: 爱搜是一家什么公司？——国内首家4O服务商，我们先有工具，再有服务...
[2026-04-10 14:22:53]   WP错误: The system cannot find the path specified.

[2026-04-10 14:22:54] 
正在检查: sspai.com
[2026-04-10 14:22:55]   获取到 10 条
[2026-04-10 14:22:55] 
正在检查: www.v2ex.com
[2026-04-10 14:23:37]   无内容
[2026-04-10 14:23:37] 
正在检查: www.yizhiw.tv
[2026-04-10 14:23:37]   无内容
[2026-04-10 14:23:37] 
正在检查: www.dsguang.com
[2026-04-10 14:23:37]   无内容
[2026-04-10 14:23:37] 
正在检查: www.zuoxi.com
[2026-04-10 14:23:37]   无内容
[2026-04-10 14:23:37] 
正在检查: www.53shop.com
[2026-04-10 14:23:38]   无内容
[2026-04-10 14:23:38] 
完成! 相关:21 发布:0
